<?xml version="1.0" encoding="UTF-8"?>
<testng-results ignored="0" total="1" passed="1" failed="0" skipped="0">
  <reporter-output>
  </reporter-output>
  <suite started-at="2025-10-28T01:05:41 IST" name="Suite" finished-at="2025-10-28T01:05:46 IST" duration-ms="5224">
    <groups>
    </groups>
    <test started-at="2025-10-28T01:05:41 IST" name="Test" finished-at="2025-10-28T01:05:46 IST" duration-ms="5224">
      <class name="AVPortal.AVLogin">
        <test-method is-config="true" signature="setUp()[pri:0, instance:AVPortal.AVLogin@6b2ea799]" started-at="2025-10-28T01:05:42 IST" name="setUp" finished-at="2025-10-28T01:05:44 IST" duration-ms="1971" status="PASS">
          <reporter-output>
          </reporter-output>
        </test-method> <!-- setUp -->
        <test-method signature="testLogin(java.lang.String,java.lang.String)[pri:0, instance:AVPortal.AVLogin@6b2ea799]" started-at="2025-10-28T01:05:44 IST" name="testLogin" data-provider="loginData" finished-at="2025-10-28T01:05:46 IST" duration-ms="2337" status="PASS">
          <params>
            <param index="0">
              <value>
                <![CDATA[Vamshi.mohan2805@gmail.com]]>
              </value>
            </param>
            <param index="1">
              <value>
                <![CDATA[Pass123#]]>
              </value>
            </param>
          </params>
          <reporter-output>
          </reporter-output>
        </test-method> <!-- testLogin -->
        <test-method is-config="true" signature="tearDown()[pri:0, instance:AVPortal.AVLogin@6b2ea799]" started-at="2025-10-28T01:05:46 IST" name="tearDown" finished-at="2025-10-28T01:05:46 IST" duration-ms="1" status="PASS">
          <reporter-output>
          </reporter-output>
        </test-method> <!-- tearDown -->
      </class> <!-- AVPortal.AVLogin -->
    </test> <!-- Test -->
  </suite> <!-- Suite -->
</testng-results>
