<?xml version="1.0" encoding="UTF-8"?>
<testng-results ignored="0" total="1" passed="1" failed="0" skipped="0">
  <reporter-output>
  </reporter-output>
  <suite started-at="2025-10-27T05:39:53 IST" name="Suite" finished-at="2025-10-27T05:39:56 IST" duration-ms="2457">
    <groups>
    </groups>
    <test started-at="2025-10-27T05:39:53 IST" name="Test" finished-at="2025-10-27T05:39:56 IST" duration-ms="2457">
      <class name="AVPortal.AVLogin">
        <test-method is-config="true" signature="setUp()[pri:0, instance:AVPortal.AVLogin@5fe94a96]" started-at="2025-10-27T05:39:53 IST" name="setUp" finished-at="2025-10-27T05:39:55 IST" duration-ms="2204" status="PASS">
          <reporter-output>
          </reporter-output>
        </test-method> <!-- setUp -->
        <test-method signature="testLogin()[pri:0, instance:AVPortal.AVLogin@5fe94a96]" started-at="2025-10-27T05:39:55 IST" name="testLogin" finished-at="2025-10-27T05:39:55 IST" duration-ms="10" status="PASS">
          <reporter-output>
          </reporter-output>
        </test-method> <!-- testLogin -->
        <test-method is-config="true" signature="tearDown()[pri:0, instance:AVPortal.AVLogin@5fe94a96]" started-at="2025-10-27T05:39:55 IST" name="tearDown" finished-at="2025-10-27T05:39:56 IST" duration-ms="192" status="PASS">
          <reporter-output>
          </reporter-output>
        </test-method> <!-- tearDown -->
      </class> <!-- AVPortal.AVLogin -->
    </test> <!-- Test -->
  </suite> <!-- Suite -->
</testng-results>
